<?xml version="1.0" encoding="UTF-8"?>
<!-- Generated by org.testng.reporters.JUnitXMLReporter -->
<testsuite hostname="IFOCUSODC-PC34" name="Test" tests="1" failures="1" timestamp="16 Feb 2017 07:26:02 GMT" time="102.935" errors="0">
  <testcase name="MinimizeVoot" time="98.085" classname="com.ifocus.automation.Testscripts.MobileTest">
    <failure type="org.openqa.selenium.remote.SessionNotFoundException" message="
Command duration or timeout: 6 milliseconds
Build info: version: &amp;apos;2.53.0&amp;apos;, revision: &amp;apos;35ae25b&amp;apos;, time: &amp;apos;2016-03-15 17:00:58&amp;apos;
System info: host: &amp;apos;IFOCUSODC-PC34&amp;apos;, ip: &amp;apos;192.168.1.140&amp;apos;, os.name: &amp;apos;Windows 7&amp;apos;, os.arch: &amp;apos;amd64&amp;apos;, os.version: &amp;apos;6.1&amp;apos;, java.version: &amp;apos;1.8.0_91&amp;apos;
Driver info: io.appium.java_client.android.AndroidDriver
Capabilities [{appPackage=com.tv.v18.viola, networkConnectionEnabled=true, warnings={}, databaseEnabled=false, deviceName=42f7d716e8819fff, platform=LINUX, appActivity=com.tv.v18.viola.activities.VIOSplashScreenActivity, desired={appPackage=com.tv.v18.viola, appActivity=com.tv.v18.viola.activities.VIOSplashScreenActivity, BROWSER_NAME=Android, VERSION=4.4, platformName=Android, deviceName=Note2}, platformVersion=4.4.2, BROWSER_NAME=Android, webStorageEnabled=false, locationContextEnabled=false, VERSION=4.4, browserName=Android, takesScreenshot=true, javascriptEnabled=true, platformName=Android}]
Session ID: d9584e64-f19d-4541-8ee0-ba1f0e3f1eda
*** Element info: {Using=class name, value=android.view.View}">
      <![CDATA[org.openqa.selenium.remote.SessionNotFoundException: 
Command duration or timeout: 6 milliseconds
Build info: version: '2.53.0', revision: '35ae25b', time: '2016-03-15 17:00:58'
System info: host: 'IFOCUSODC-PC34', ip: '192.168.1.140', os.name: 'Windows 7', os.arch: 'amd64', os.version: '6.1', java.version: '1.8.0_91'
Driver info: io.appium.java_client.android.AndroidDriver
Capabilities [{appPackage=com.tv.v18.viola, networkConnectionEnabled=true, warnings={}, databaseEnabled=false, deviceName=42f7d716e8819fff, platform=LINUX, appActivity=com.tv.v18.viola.activities.VIOSplashScreenActivity, desired={appPackage=com.tv.v18.viola, appActivity=com.tv.v18.viola.activities.VIOSplashScreenActivity, BROWSER_NAME=Android, VERSION=4.4, platformName=Android, deviceName=Note2}, platformVersion=4.4.2, BROWSER_NAME=Android, webStorageEnabled=false, locationContextEnabled=false, VERSION=4.4, browserName=Android, takesScreenshot=true, javascriptEnabled=true, platformName=Android}]
Session ID: d9584e64-f19d-4541-8ee0-ba1f0e3f1eda
*** Element info: {Using=class name, value=android.view.View}
	at org.openqa.selenium.remote.ErrorHandler.createThrowable(ErrorHandler.java:206)
	at org.openqa.selenium.remote.ErrorHandler.throwIfResponseFailed(ErrorHandler.java:158)
	at org.openqa.selenium.remote.RemoteWebDriver.execute(RemoteWebDriver.java:678)
	at io.appium.java_client.DefaultGenericMobileDriver.execute(DefaultGenericMobileDriver.java:40)
	at io.appium.java_client.AppiumDriver.execute(AppiumDriver.java:1)
	at io.appium.java_client.android.AndroidDriver.execute(AndroidDriver.java:1)
	at org.openqa.selenium.remote.RemoteWebDriver.findElement(RemoteWebDriver.java:363)
	at io.appium.java_client.DefaultGenericMobileDriver.findElement(DefaultGenericMobileDriver.java:56)
	at io.appium.java_client.AppiumDriver.findElement(AppiumDriver.java:1)
	at io.appium.java_client.android.AndroidDriver.findElement(AndroidDriver.java:1)
	at org.openqa.selenium.remote.RemoteWebDriver.findElementByClassName(RemoteWebDriver.java:477)
	at io.appium.java_client.DefaultGenericMobileDriver.findElementByClassName(DefaultGenericMobileDriver.java:112)
	at io.appium.java_client.AppiumDriver.findElementByClassName(AppiumDriver.java:1)
	at io.appium.java_client.android.AndroidDriver.findElementByClassName(AndroidDriver.java:1)
	at org.openqa.selenium.By$ByClassName.findElement(By.java:391)
	at org.openqa.selenium.remote.RemoteWebDriver.findElement(RemoteWebDriver.java:355)
	at io.appium.java_client.DefaultGenericMobileDriver.findElement(DefaultGenericMobileDriver.java:52)
	at io.appium.java_client.AppiumDriver.findElement(AppiumDriver.java:1)
	at io.appium.java_client.android.AndroidDriver.findElement(AndroidDriver.java:1)
	at org.openqa.selenium.support.pagefactory.DefaultElementLocator.findElement(DefaultElementLocator.java:69)
	at org.openqa.selenium.support.pagefactory.internal.LocatingElementHandler.invoke(LocatingElementHandler.java:38)
	at com.sun.proxy.$Proxy7.click(Unknown Source)
	at com.ifocus.automation.Utilities.Utilities.pauseVideo(Utilities.java:180)
	at com.ifocus.automation.Pages.HomePage.minimize(HomePage.java:119)
	at com.ifocus.automation.Testscripts.MobileTest.MinimizeVoot(MobileTest.java:66)
... Removed 28 stack frames]]>
    </failure>
  </testcase> <!-- MinimizeVoot -->
</testsuite> <!-- Test -->
