<?xml version="1.0" encoding="UTF-8"?>
<testng-results skipped="0" failed="1" total="1" passed="0">
  <reporter-output>
  </reporter-output>
  <suite name="Suite" duration-ms="102935" started-at="2017-02-16T07:24:19Z" finished-at="2017-02-16T07:26:02Z">
    <groups>
    </groups>
    <test name="Test" duration-ms="102935" started-at="2017-02-16T07:24:19Z" finished-at="2017-02-16T07:26:02Z">
      <class name="com.ifocus.automation.Testscripts.MobileTest">
        <test-method status="PASS" signature="setup()[pri:0, instance:com.ifocus.automation.Testscripts.MobileTest@6e1ec318]" name="setup" is-config="true" duration-ms="4565" started-at="2017-02-16T12:54:19Z" finished-at="2017-02-16T12:54:24Z">
          <reporter-output>
          </reporter-output>
        </test-method> <!-- setup -->
        <test-method status="FAIL" signature="MinimizeVoot()[pri:3, instance:com.ifocus.automation.Testscripts.MobileTest@6e1ec318]" name="MinimizeVoot" duration-ms="98085" started-at="2017-02-16T12:54:24Z" finished-at="2017-02-16T12:56:02Z">
          <exception class="org.openqa.selenium.remote.SessionNotFoundException">
            <message>
              <![CDATA[
Command duration or timeout: 6 milliseconds
Build info: version: '2.53.0', revision: '35ae25b', time: '2016-03-15 17:00:58'
System info: host: 'IFOCUSODC-PC34', ip: '192.168.1.140', os.name: 'Windows 7', os.arch: 'amd64', os.version: '6.1', java.version: '1.8.0_91'
Driver info: io.appium.java_client.android.AndroidDriver
Capabilities [{appPackage=com.tv.v18.viola, networkConnectionEnabled=true, warnings={}, databaseEnabled=false, deviceName=42f7d716e8819fff, platform=LINUX, appActivity=com.tv.v18.viola.activities.VIOSplashScreenActivity, desired={appPackage=com.tv.v18.viola, appActivity=com.tv.v18.viola.activities.VIOSplashScreenActivity, BROWSER_NAME=Android, VERSION=4.4, platformName=Android, deviceName=Note2}, platformVersion=4.4.2, BROWSER_NAME=Android, webStorageEnabled=false, locationContextEnabled=false, VERSION=4.4, browserName=Android, takesScreenshot=true, javascriptEnabled=true, platformName=Android}]
Session ID: d9584e64-f19d-4541-8ee0-ba1f0e3f1eda
*** Element info: {Using=class name, value=android.view.View}]]>
            </message>
            <full-stacktrace>
              <![CDATA[org.openqa.selenium.remote.SessionNotFoundException: 
Command duration or timeout: 6 milliseconds
Build info: version: '2.53.0', revision: '35ae25b', time: '2016-03-15 17:00:58'
System info: host: 'IFOCUSODC-PC34', ip: '192.168.1.140', os.name: 'Windows 7', os.arch: 'amd64', os.version: '6.1', java.version: '1.8.0_91'
Driver info: io.appium.java_client.android.AndroidDriver
Capabilities [{appPackage=com.tv.v18.viola, networkConnectionEnabled=true, warnings={}, databaseEnabled=false, deviceName=42f7d716e8819fff, platform=LINUX, appActivity=com.tv.v18.viola.activities.VIOSplashScreenActivity, desired={appPackage=com.tv.v18.viola, appActivity=com.tv.v18.viola.activities.VIOSplashScreenActivity, BROWSER_NAME=Android, VERSION=4.4, platformName=Android, deviceName=Note2}, platformVersion=4.4.2, BROWSER_NAME=Android, webStorageEnabled=false, locationContextEnabled=false, VERSION=4.4, browserName=Android, takesScreenshot=true, javascriptEnabled=true, platformName=Android}]
Session ID: d9584e64-f19d-4541-8ee0-ba1f0e3f1eda
*** Element info: {Using=class name, value=android.view.View}
	at sun.reflect.NativeConstructorAccessorImpl.newInstance0(Native Method)
	at sun.reflect.NativeConstructorAccessorImpl.newInstance(NativeConstructorAccessorImpl.java:62)
	at sun.reflect.DelegatingConstructorAccessorImpl.newInstance(DelegatingConstructorAccessorImpl.java:45)
	at java.lang.reflect.Constructor.newInstance(Constructor.java:423)
	at org.openqa.selenium.remote.ErrorHandler.createThrowable(ErrorHandler.java:206)
	at org.openqa.selenium.remote.ErrorHandler.throwIfResponseFailed(ErrorHandler.java:158)
	at org.openqa.selenium.remote.RemoteWebDriver.execute(RemoteWebDriver.java:678)
	at io.appium.java_client.DefaultGenericMobileDriver.execute(DefaultGenericMobileDriver.java:40)
	at io.appium.java_client.AppiumDriver.execute(AppiumDriver.java:1)
	at io.appium.java_client.android.AndroidDriver.execute(AndroidDriver.java:1)
	at org.openqa.selenium.remote.RemoteWebDriver.findElement(RemoteWebDriver.java:363)
	at io.appium.java_client.DefaultGenericMobileDriver.findElement(DefaultGenericMobileDriver.java:56)
	at io.appium.java_client.AppiumDriver.findElement(AppiumDriver.java:1)
	at io.appium.java_client.android.AndroidDriver.findElement(AndroidDriver.java:1)
	at org.openqa.selenium.remote.RemoteWebDriver.findElementByClassName(RemoteWebDriver.java:477)
	at io.appium.java_client.DefaultGenericMobileDriver.findElementByClassName(DefaultGenericMobileDriver.java:112)
	at io.appium.java_client.AppiumDriver.findElementByClassName(AppiumDriver.java:1)
	at io.appium.java_client.android.AndroidDriver.findElementByClassName(AndroidDriver.java:1)
	at org.openqa.selenium.By$ByClassName.findElement(By.java:391)
	at org.openqa.selenium.remote.RemoteWebDriver.findElement(RemoteWebDriver.java:355)
	at io.appium.java_client.DefaultGenericMobileDriver.findElement(DefaultGenericMobileDriver.java:52)
	at io.appium.java_client.AppiumDriver.findElement(AppiumDriver.java:1)
	at io.appium.java_client.android.AndroidDriver.findElement(AndroidDriver.java:1)
	at org.openqa.selenium.support.pagefactory.DefaultElementLocator.findElement(DefaultElementLocator.java:69)
	at org.openqa.selenium.support.pagefactory.internal.LocatingElementHandler.invoke(LocatingElementHandler.java:38)
	at com.sun.proxy.$Proxy7.click(Unknown Source)
	at com.ifocus.automation.Utilities.Utilities.pauseVideo(Utilities.java:180)
	at com.ifocus.automation.Pages.HomePage.minimize(HomePage.java:119)
	at com.ifocus.automation.Testscripts.MobileTest.MinimizeVoot(MobileTest.java:66)
	at sun.reflect.NativeMethodAccessorImpl.invoke0(Native Method)
	at sun.reflect.NativeMethodAccessorImpl.invoke(NativeMethodAccessorImpl.java:62)
	at sun.reflect.DelegatingMethodAccessorImpl.invoke(DelegatingMethodAccessorImpl.java:43)
	at java.lang.reflect.Method.invoke(Method.java:498)
	at org.testng.internal.MethodInvocationHelper.invokeMethod(MethodInvocationHelper.java:85)
	at org.testng.internal.Invoker.invokeMethod(Invoker.java:639)
	at org.testng.internal.Invoker.invokeTestMethod(Invoker.java:816)
	at org.testng.internal.Invoker.invokeTestMethods(Invoker.java:1124)
	at org.testng.internal.TestMethodWorker.invokeTestMethods(TestMethodWorker.java:125)
	at org.testng.internal.TestMethodWorker.run(TestMethodWorker.java:108)
	at org.testng.TestRunner.privateRun(TestRunner.java:774)
	at org.testng.TestRunner.run(TestRunner.java:624)
	at org.testng.SuiteRunner.runTest(SuiteRunner.java:359)
	at org.testng.SuiteRunner.runSequentially(SuiteRunner.java:354)
	at org.testng.SuiteRunner.privateRun(SuiteRunner.java:312)
	at org.testng.SuiteRunner.run(SuiteRunner.java:261)
	at org.testng.SuiteRunnerWorker.runSuite(SuiteRunnerWorker.java:52)
	at org.testng.SuiteRunnerWorker.run(SuiteRunnerWorker.java:86)
	at org.testng.TestNG.runSuitesSequentially(TestNG.java:1215)
	at org.testng.TestNG.runSuitesLocally(TestNG.java:1140)
	at org.testng.TestNG.run(TestNG.java:1048)
	at org.testng.remote.AbstractRemoteTestNG.run(AbstractRemoteTestNG.java:132)
	at org.testng.remote.RemoteTestNG.initAndRun(RemoteTestNG.java:236)
	at org.testng.remote.RemoteTestNG.main(RemoteTestNG.java:81)
]]>
            </full-stacktrace>
          </exception> <!-- org.openqa.selenium.remote.SessionNotFoundException -->
          <reporter-output>
          </reporter-output>
        </test-method> <!-- MinimizeVoot -->
        <test-method status="PASS" signature="tearDown()[pri:0, instance:com.ifocus.automation.Testscripts.MobileTest@6e1ec318]" name="tearDown" is-config="true" duration-ms="264" started-at="2017-02-16T12:56:02Z" finished-at="2017-02-16T12:56:02Z">
          <reporter-output>
          </reporter-output>
        </test-method> <!-- tearDown -->
      </class> <!-- com.ifocus.automation.Testscripts.MobileTest -->
    </test> <!-- Test -->
  </suite> <!-- Suite -->
</testng-results>
